<?xml version="1.0" encoding="UTF-8"?>
<testsuite name="org.ititandev.DemoApplicationTests" time="0.014" tests="1" errors="1" skipped="0" failures="0">
  <properties>
[...]
</properties>
  <testcase name="initializationError" classname="org.ititandev.DemoApplicationTests" time="0.014">
    <error message="Unable to find a @SpringBootConfiguration, you need to use @ContextConfiguration or @SpringBootTest(classes=...) with your test" type="java.lang.IllegalStateException"><![CDATA[java.lang.IllegalStateException: Unable to find a @SpringBootConfiguration, you need to use @ContextConfiguration or @SpringBootTest(classes=...) with your test
	at org.springframework.util.Assert.state(Assert.java:70)
	at org.springframework.boot.test.context.SpringBootTestContextBootstrapper.getOrFindConfigurationClasses(SpringBootTestContextBootstrapper.java:202)
	at org.springframework.boot.test.context.SpringBootTestContextBootstrapper.processMergedContextConfiguration(SpringBootTestContextBootstrapper.java:137)
	at org.springframework.test.context.support.AbstractTestContextBootstrapper.buildMergedContextConfiguration(AbstractTestContextBootstrapper.java:409)
	at org.springframework.test.context.support.AbstractTestContextBootstrapper.buildDefaultMergedContextConfiguration(AbstractTestContextBootstrapper.java:323)
	at org.springframework.test.context.support.AbstractTestContextBootstrapper.buildMergedContextConfiguration(AbstractTestContextBootstrapper.java:277)
	at org.springframework.test.context.support.AbstractTestContextBootstrapper.buildTestContext(AbstractTestContextBootstrapper.java:112)
	at org.springframework.boot.test.context.SpringBootTestContextBootstrapper.buildTestContext(SpringBootTestContextBootstrapper.java:82)
	at org.springframework.test.context.TestContextManager.<init>(TestContextManager.java:120)
	at org.springframework.test.context.TestContextManager.<init>(TestContextManager.java:105)
	at org.springframework.test.context.junit4.SpringJUnit4ClassRunner.createTestContextManager(SpringJUnit4ClassRunner.java:152)
	at org.springframework.test.context.junit4.SpringJUnit4ClassRunner.<init>(SpringJUnit4ClassRunner.java:143)
	at org.springframework.test.context.junit4.SpringRunner.<init>(SpringRunner.java:49)
	at sun.reflect.NativeConstructorAccessorImpl.newInstance0(Native Method)
	at sun.reflect.NativeConstructorAccessorImpl.newInstance(NativeConstructorAccessorImpl.java:62)
	at sun.reflect.DelegatingConstructorAccessorImpl.newInstance(DelegatingConstructorAccessorImpl.java:45)
	at java.lang.reflect.Constructor.newInstance(Constructor.java:423)
	at org.junit.internal.builders.AnnotatedBuilder.buildRunner(AnnotatedBuilder.java:104)
	at org.junit.internal.builders.AnnotatedBuilder.runnerForClass(AnnotatedBuilder.java:86)
	at org.junit.runners.model.RunnerBuilder.safeRunnerForClass(RunnerBuilder.java:59)
	at org.junit.internal.builders.AllDefaultPossibilitiesBuilder.runnerForClass(AllDefaultPossibilitiesBuilder.java:26)
	at org.junit.runners.model.RunnerBuilder.safeRunnerForClass(RunnerBuilder.java:59)
	at org.junit.internal.requests.ClassRequest.getRunner(ClassRequest.java:33)
	at org.apache.maven.surefire.junit4.JUnit4Provider.execute(JUnit4Provider.java:283)
	at org.apache.maven.surefire.junit4.JUnit4Provider.executeWithRerun(JUnit4Provider.java:173)
	at org.apache.maven.surefire.junit4.JUnit4Provider.executeTestSet(JUnit4Provider.java:153)
	at org.apache.maven.surefire.junit4.JUnit4Provider.invoke(JUnit4Provider.java:128)
	at org.apache.maven.surefire.booter.ForkedBooter.invokeProviderInSameClassLoader(ForkedBooter.java:203)
	at org.apache.maven.surefire.booter.ForkedBooter.runSuitesInProcess(ForkedBooter.java:155)
	at org.apache.maven.surefire.booter.ForkedBooter.main(ForkedBooter.java:103)
]]></error>
    <system-out><![CDATA[02:20:18.057 [main] DEBUG org.springframework.test.context.junit4.SpringJUnit4ClassRunner - SpringJUnit4ClassRunner constructor called with [class org.ititandev.DemoApplicationTests]
02:20:18.064 [main] DEBUG org.springframework.test.context.BootstrapUtils - Instantiating CacheAwareContextLoaderDelegate from class [org.springframework.test.context.cache.DefaultCacheAwareContextLoaderDelegate]
02:20:18.084 [main] DEBUG org.springframework.test.context.BootstrapUtils - Instantiating BootstrapContext using constructor [public org.springframework.test.context.support.DefaultBootstrapContext(java.lang.Class,org.springframework.test.context.CacheAwareContextLoaderDelegate)]
02:20:18.143 [main] DEBUG org.springframework.test.context.BootstrapUtils - Instantiating TestContextBootstrapper for test class [org.ititandev.DemoApplicationTests] from class [org.springframework.boot.test.context.SpringBootTestContextBootstrapper]
02:20:18.161 [main] INFO org.springframework.boot.test.context.SpringBootTestContextBootstrapper - Neither @ContextConfiguration nor @ContextHierarchy found for test class [org.ititandev.DemoApplicationTests], using SpringBootContextLoader
02:20:18.167 [main] DEBUG org.springframework.test.context.support.AbstractContextLoader - Did not detect default resource location for test class [org.ititandev.DemoApplicationTests]: class path resource [org/ititandev/DemoApplicationTests-context.xml] does not exist
02:20:18.169 [main] DEBUG org.springframework.test.context.support.AbstractContextLoader - Did not detect default resource location for test class [org.ititandev.DemoApplicationTests]: class path resource [org/ititandev/DemoApplicationTestsContext.groovy] does not exist
02:20:18.170 [main] INFO org.springframework.test.context.support.AbstractContextLoader - Could not detect default resource locations for test class [org.ititandev.DemoApplicationTests]: no resource found for suffixes {-context.xml, Context.groovy}.
02:20:18.171 [main] INFO org.springframework.test.context.support.AnnotationConfigContextLoaderUtils - Could not detect default configuration classes for test class [org.ititandev.DemoApplicationTests]: DemoApplicationTests does not declare any static, non-private, non-final, nested classes annotated with @Configuration.
02:20:18.224 [main] DEBUG org.springframework.test.context.support.ActiveProfilesUtils - Could not find an 'annotation declaring class' for annotation type [org.springframework.test.context.ActiveProfiles] and class [org.ititandev.DemoApplicationTests]
02:20:18.234 [main] DEBUG org.springframework.core.env.StandardEnvironment - Adding [systemProperties] PropertySource with lowest search precedence
02:20:18.236 [main] DEBUG org.springframework.core.env.StandardEnvironment - Adding [systemEnvironment] PropertySource with lowest search precedence
02:20:18.237 [main] DEBUG org.springframework.core.env.StandardEnvironment - Initialized StandardEnvironment with PropertySources [systemProperties,systemEnvironment]
02:20:18.273 [main] DEBUG org.springframework.core.io.support.PathMatchingResourcePatternResolver - Resolved classpath location [org/ititandev/] to resources [URL [file:/C:/Users/ITitan/eclipse-workspace/threadripper-chat-api/target/test-classes/org/ititandev/], URL [file:/C:/Users/ITitan/eclipse-workspace/threadripper-chat-api/target/classes/org/ititandev/]]
02:20:18.273 [main] DEBUG org.springframework.core.io.support.PathMatchingResourcePatternResolver - Looking for matching resources in directory tree [C:\Users\ITitan\eclipse-workspace\threadripper-chat-api\target\test-classes\org\ititandev]
02:20:18.274 [main] DEBUG org.springframework.core.io.support.PathMatchingResourcePatternResolver - Searching directory [C:\Users\ITitan\eclipse-workspace\threadripper-chat-api\target\test-classes\org\ititandev] for files matching pattern [C:/Users/ITitan/eclipse-workspace/threadripper-chat-api/target/test-classes/org/ititandev/*.class]
02:20:18.277 [main] DEBUG org.springframework.core.io.support.PathMatchingResourcePatternResolver - Looking for matching resources in directory tree [C:\Users\ITitan\eclipse-workspace\threadripper-chat-api\target\classes\org\ititandev]
02:20:18.277 [main] DEBUG org.springframework.core.io.support.PathMatchingResourcePatternResolver - Searching directory [C:\Users\ITitan\eclipse-workspace\threadripper-chat-api\target\classes\org\ititandev] for files matching pattern [C:/Users/ITitan/eclipse-workspace/threadripper-chat-api/target/classes/org/ititandev/*.class]
02:20:18.281 [main] DEBUG org.springframework.core.io.support.PathMatchingResourcePatternResolver - Resolved location pattern [classpath*:org/ititandev/*.class] to resources [file [C:\Users\ITitan\eclipse-workspace\threadripper-chat-api\target\test-classes\org\ititandev\DemoApplicationTests.class], file [C:\Users\ITitan\eclipse-workspace\threadripper-chat-api\target\classes\org\ititandev\Application.class]]
02:20:18.314 [main] DEBUG org.springframework.core.io.support.PathMatchingResourcePatternResolver - Resolved classpath location [org/] to resources [URL [jar:file:/C:/Users/ITitan/.m2/repository/org/apache/maven/surefire/surefire-booter/2.18.1/surefire-booter-2.18.1.jar!/org/], URL [jar:file:/C:/Users/ITitan/.m2/repository/org/apache/maven/surefire/surefire-api/2.18.1/surefire-api-2.18.1.jar!/org/], URL [file:/C:/Users/ITitan/eclipse-workspace/threadripper-chat-api/target/test-classes/org/], URL [file:/C:/Users/ITitan/eclipse-workspace/threadripper-chat-api/target/classes/org/], URL [jar:file:/C:/Users/ITitan/.m2/repository/org/springframework/boot/spring-boot/1.5.4.RELEASE/spring-boot-1.5.4.RELEASE.jar!/org/], URL [jar:file:/C:/Users/ITitan/.m2/repository/org/springframework/boot/spring-boot-autoconfigure/1.5.4.RELEASE/spring-boot-autoconfigure-1.5.4.RELEASE.jar!/org/], URL [jar:file:/C:/Users/ITitan/.m2/repository/ch/qos/logback/logback-classic/1.1.11/logback-classic-1.1.11.jar!/org/], URL [jar:file:/C:/Users/ITitan/.m2/repository/org/slf4j/jcl-over-slf4j/1.7.25/jcl-over-slf4j-1.7.25.jar!/org/], URL [jar:file:/C:/Users/ITitan/.m2/repository/org/slf4j/jul-to-slf4j/1.7.25/jul-to-slf4j-1.7.25.jar!/org/], URL [jar:file:/C:/Users/ITitan/.m2/repository/org/slf4j/log4j-over-slf4j/1.7.25/log4j-over-slf4j-1.7.25.jar!/org/], URL [jar:file:/C:/Users/ITitan/.m2/repository/org/yaml/snakeyaml/1.17/snakeyaml-1.17.jar!/org/], URL [jar:file:/C:/Users/ITitan/.m2/repository/org/springframework/spring-messaging/4.3.9.RELEASE/spring-messaging-4.3.9.RELEASE.jar!/org/], URL [jar:file:/C:/Users/ITitan/.m2/repository/org/springframework/amqp/spring-rabbit/1.7.3.RELEASE/spring-rabbit-1.7.3.RELEASE.jar!/org/], URL [jar:file:/C:/Users/ITitan/.m2/repository/org/springframework/retry/spring-retry/1.2.0.RELEASE/spring-retry-1.2.0.RELEASE.jar!/org/], URL [jar:file:/C:/Users/ITitan/.m2/repository/org/springframework/amqp/spring-amqp/1.7.3.RELEASE/spring-amqp-1.7.3.RELEASE.jar!/org/], URL [jar:file:/C:/Users/ITitan/.m2/repository/org/springframework/spring-websocket/4.3.9.RELEASE/spring-websocket-4.3.9.RELEASE.jar!/org/], URL [jar:file:/C:/Users/ITitan/.m2/repository/org/springframework/spring-context/4.3.9.RELEASE/spring-context-4.3.9.RELEASE.jar!/org/], URL [jar:file:/C:/Users/ITitan/.m2/repository/org/springframework/spring-expression/4.3.9.RELEASE/spring-expression-4.3.9.RELEASE.jar!/org/], URL [jar:file:/C:/Users/ITitan/.m2/repository/org/springframework/spring-core/4.3.9.RELEASE/spring-core-4.3.9.RELEASE.jar!/org/], URL [jar:file:/C:/Users/ITitan/.m2/repository/org/springframework/spring-web/4.3.9.RELEASE/spring-web-4.3.9.RELEASE.jar!/org/], URL [jar:file:/C:/Users/ITitan/.m2/repository/org/springframework/spring-aop/4.3.9.RELEASE/spring-aop-4.3.9.RELEASE.jar!/org/], URL [jar:file:/C:/Users/ITitan/.m2/repository/org/springframework/security/spring-security-config/4.2.3.RELEASE/spring-security-config-4.2.3.RELEASE.jar!/org/], URL [jar:file:/C:/Users/ITitan/.m2/repository/org/springframework/security/spring-security-core/4.2.3.RELEASE/spring-security-core-4.2.3.RELEASE.jar!/org/], URL [jar:file:/C:/Users/ITitan/.m2/repository/org/springframework/security/spring-security-web/4.2.3.RELEASE/spring-security-web-4.2.3.RELEASE.jar!/org/], URL [jar:file:/C:/Users/ITitan/.m2/repository/org/apache/tomcat/embed/tomcat-embed-core/8.5.15/tomcat-embed-core-8.5.15.jar!/org/], URL [jar:file:/C:/Users/ITitan/.m2/repository/org/apache/tomcat/embed/tomcat-embed-el/8.5.15/tomcat-embed-el-8.5.15.jar!/org/], URL [jar:file:/C:/Users/ITitan/.m2/repository/org/apache/tomcat/embed/tomcat-embed-websocket/8.5.15/tomcat-embed-websocket-8.5.15.jar!/org/], URL [jar:file:/C:/Users/ITitan/.m2/repository/org/hibernate/hibernate-validator/5.3.5.Final/hibernate-validator-5.3.5.Final.jar!/org/], URL [jar:file:/C:/Users/ITitan/.m2/repository/org/jboss/logging/jboss-logging/3.3.1.Final/jboss-logging-3.3.1.Final.jar!/org/], URL [jar:file:/C:/Users/ITitan/.m2/repository/org/springframework/spring-webmvc/4.3.9.RELEASE/spring-webmvc-4.3.9.RELEASE.jar!/org/], URL [jar:file:/C:/Users/ITitan/.m2/repository/org/springframework/boot/spring-boot-test/1.5.4.RELEASE/spring-boot-test-1.5.4.RELEASE.jar!/org/], URL [jar:file:/C:/Users/ITitan/.m2/repository/org/springframework/boot/spring-boot-test-autoconfigure/1.5.4.RELEASE/spring-boot-test-autoconfigure-1.5.4.RELEASE.jar!/org/], URL [jar:file:/C:/Users/ITitan/.m2/repository/net/minidev/accessors-smart/1.1/accessors-smart-1.1.jar!/org/], URL [jar:file:/C:/Users/ITitan/.m2/repository/org/ow2/asm/asm/5.0.3/asm-5.0.3.jar!/org/], URL [jar:file:/C:/Users/ITitan/.m2/repository/org/slf4j/slf4j-api/1.7.25/slf4j-api-1.7.25.jar!/org/], URL [jar:file:/C:/Users/ITitan/.m2/repository/junit/junit/4.12/junit-4.12.jar!/org/], URL [jar:file:/C:/Users/ITitan/.m2/repository/org/assertj/assertj-core/2.6.0/assertj-core-2.6.0.jar!/org/], URL [jar:file:/C:/Users/ITitan/.m2/repository/org/mockito/mockito-core/1.10.19/mockito-core-1.10.19.jar!/org/], URL [jar:file:/C:/Users/ITitan/.m2/repository/org/objenesis/objenesis/2.1/objenesis-2.1.jar!/org/], URL [jar:file:/C:/Users/ITitan/.m2/repository/org/hamcrest/hamcrest-core/1.3/hamcrest-core-1.3.jar!/org/], URL [jar:file:/C:/Users/ITitan/.m2/repository/org/hamcrest/hamcrest-library/1.3/hamcrest-library-1.3.jar!/org/], URL [jar:file:/C:/Users/ITitan/.m2/repository/org/skyscreamer/jsonassert/1.4.0/jsonassert-1.4.0.jar!/org/], URL [jar:file:/C:/Users/ITitan/.m2/repository/com/vaadin/external/google/android-json/0.0.20131108.vaadin1/android-json-0.0.20131108.vaadin1.jar!/org/], URL [jar:file:/C:/Users/ITitan/.m2/repository/org/springframework/spring-test/4.3.9.RELEASE/spring-test-4.3.9.RELEASE.jar!/org/], URL [jar:file:/C:/Users/ITitan/.m2/repository/commons-dbcp/commons-dbcp/1.4/commons-dbcp-1.4.jar!/org/], URL [jar:file:/C:/Users/ITitan/.m2/repository/commons-pool/commons-pool/1.6/commons-pool-1.6.jar!/org/], URL [jar:file:/C:/Users/ITitan/.m2/repository/org/springframework/spring-jdbc/5.0.5.RELEASE/spring-jdbc-5.0.5.RELEASE.jar!/org/], URL [jar:file:/C:/Users/ITitan/.m2/repository/org/springframework/spring-beans/4.3.9.RELEASE/spring-beans-4.3.9.RELEASE.jar!/org/], URL [jar:file:/C:/Users/ITitan/.m2/repository/org/springframework/spring-tx/4.3.9.RELEASE/spring-tx-4.3.9.RELEASE.jar!/org/], URL [jar:file:/C:/Users/ITitan/.m2/repository/commons-io/commons-io/2.6/commons-io-2.6.jar!/org/], URL [jar:file:/C:/Users/ITitan/.m2/repository/org/apache/httpcomponents/httpclient/4.5.3/httpclient-4.5.3.jar!/org/], URL [jar:file:/C:/Users/ITitan/.m2/repository/org/apache/httpcomponents/httpcore/4.4.6/httpcore-4.4.6.jar!/org/], URL [jar:file:/C:/Users/ITitan/.m2/repository/commons-codec/commons-codec/1.10/commons-codec-1.10.jar!/org/], URL [jar:file:/C:/Users/ITitan/.m2/repository/org/json/json/20140107/json-20140107.jar!/org/], URL [jar:file:/C:/Users/ITitan/.m2/repository/org/apache/commons/commons-lang3/3.6/commons-lang3-3.6.jar!/org/], URL [jar:file:/C:/Users/ITitan/.m2/repository/org/apache/maven/surefire/surefire-junit4/2.18.1/surefire-junit4-2.18.1.jar!/org/]]
02:20:18.315 [main] DEBUG org.springframework.core.io.support.PathMatchingResourcePatternResolver - Looking for matching resources in jar file [file:/C:/Users/ITitan/.m2/repository/org/apache/maven/surefire/surefire-booter/2.18.1/surefire-booter-2.18.1.jar]
02:20:18.315 [main] DEBUG org.springframework.core.io.support.PathMatchingResourcePatternResolver - Looking for matching resources in jar file [file:/C:/Users/ITitan/.m2/repository/org/apache/maven/surefire/surefire-api/2.18.1/surefire-api-2.18.1.jar]
02:20:18.318 [main] DEBUG org.springframework.core.io.support.PathMatchingResourcePatternResolver - Looking for matching resources in directory tree [C:\Users\ITitan\eclipse-workspace\threadripper-chat-api\target\test-classes\org]
02:20:18.318 [main] DEBUG org.springframework.core.io.support.PathMatchingResourcePatternResolver - Searching directory [C:\Users\ITitan\eclipse-workspace\threadripper-chat-api\target\test-classes\org] for files matching pattern [C:/Users/ITitan/eclipse-workspace/threadripper-chat-api/target/test-classes/org/*.class]
02:20:18.319 [main] DEBUG org.springframework.core.io.support.PathMatchingResourcePatternResolver - Looking for matching resources in directory tree [C:\Users\ITitan\eclipse-workspace\threadripper-chat-api\target\classes\org]
02:20:18.319 [main] DEBUG org.springframework.core.io.support.PathMatchingResourcePatternResolver - Searching directory [C:\Users\ITitan\eclipse-workspace\threadripper-chat-api\target\classes\org] for files matching pattern [C:/Users/ITitan/eclipse-workspace/threadripper-chat-api/target/classes/org/*.class]
02:20:18.320 [main] DEBUG org.springframework.core.io.support.PathMatchingResourcePatternResolver - Looking for matching resources in jar file [file:/C:/Users/ITitan/.m2/repository/org/springframework/boot/spring-boot/1.5.4.RELEASE/spring-boot-1.5.4.RELEASE.jar]
02:20:18.331 [main] DEBUG org.springframework.core.io.support.PathMatchingResourcePatternResolver - Looking for matching resources in jar file [file:/C:/Users/ITitan/.m2/repository/org/springframework/boot/spring-boot-autoconfigure/1.5.4.RELEASE/spring-boot-autoconfigure-1.5.4.RELEASE.jar]
02:20:18.354 [main] DEBUG org.springframework.core.io.support.PathMatchingResourcePatternResolver - Looking for matching resources in jar file [file:/C:/Users/ITitan/.m2/repository/ch/qos/logback/logback-classic/1.1.11/logback-classic-1.1.11.jar]
02:20:18.354 [main] DEBUG org.springframework.core.io.support.PathMatchingResourcePatternResolver - Looking for matching resources in jar file [file:/C:/Users/ITitan/.m2/repository/org/slf4j/jcl-over-slf4j/1.7.25/jcl-over-slf4j-1.7.25.jar]
02:20:18.355 [main] DEBUG org.springframework.core.io.support.PathMatchingResourcePatternResolver - Looking for matching resources in jar file [file:/C:/Users/ITitan/.m2/repository/org/slf4j/jul-to-slf4j/1.7.25/jul-to-slf4j-1.7.25.jar]
02:20:18.355 [main] DEBUG org.springframework.core.io.support.PathMatchingResourcePatternResolver - Looking for matching resources in jar file [file:/C:/Users/ITitan/.m2/repository/org/slf4j/log4j-over-slf4j/1.7.25/log4j-over-slf4j-1.7.25.jar]
02:20:18.356 [main] DEBUG org.springframework.core.io.support.PathMatchingResourcePatternResolver - Looking for matching resources in jar file [file:/C:/Users/ITitan/.m2/repository/org/yaml/snakeyaml/1.17/snakeyaml-1.17.jar]
02:20:18.357 [main] DEBUG org.springframework.core.io.support.PathMatchingResourcePatternResolver - Looking for matching resources in jar file [file:/C:/Users/ITitan/.m2/repository/org/springframework/spring-messaging/4.3.9.RELEASE/spring-messaging-4.3.9.RELEASE.jar]
02:20:18.358 [main] DEBUG org.springframework.core.io.support.PathMatchingResourcePatternResolver - Looking for matching resources in jar file [file:/C:/Users/ITitan/.m2/repository/org/springframework/amqp/spring-rabbit/1.7.3.RELEASE/spring-rabbit-1.7.3.RELEASE.jar]
02:20:18.363 [main] DEBUG org.springframework.core.io.support.PathMatchingResourcePatternResolver - Looking for matching resources in jar file [file:/C:/Users/ITitan/.m2/repository/org/springframework/retry/spring-retry/1.2.0.RELEASE/spring-retry-1.2.0.RELEASE.jar]
02:20:18.364 [main] DEBUG org.springframework.core.io.support.PathMatchingResourcePatternResolver - Looking for matching resources in jar file [file:/C:/Users/ITitan/.m2/repository/org/springframework/amqp/spring-amqp/1.7.3.RELEASE/spring-amqp-1.7.3.RELEASE.jar]
02:20:18.365 [main] DEBUG org.springframework.core.io.support.PathMatchingResourcePatternResolver - Looking for matching resources in jar file [file:/C:/Users/ITitan/.m2/repository/org/springframework/spring-websocket/4.3.9.RELEASE/spring-websocket-4.3.9.RELEASE.jar]
02:20:18.366 [main] DEBUG org.springframework.core.io.support.PathMatchingResourcePatternResolver - Looking for matching resources in jar file [file:/C:/Users/ITitan/.m2/repository/org/springframework/spring-context/4.3.9.RELEASE/spring-context-4.3.9.RELEASE.jar]
02:20:18.373 [main] DEBUG org.springframework.core.io.support.PathMatchingResourcePatternResolver - Looking for matching resources in jar file [file:/C:/Users/ITitan/.m2/repository/org/springframework/spring-expression/4.3.9.RELEASE/spring-expression-4.3.9.RELEASE.jar]
02:20:18.375 [main] DEBUG org.springframework.core.io.support.PathMatchingResourcePatternResolver - Looking for matching resources in jar file [file:/C:/Users/ITitan/.m2/repository/org/springframework/spring-core/4.3.9.RELEASE/spring-core-4.3.9.RELEASE.jar]
02:20:18.379 [main] DEBUG org.springframework.core.io.support.PathMatchingResourcePatternResolver - Looking for matching resources in jar file [file:/C:/Users/ITitan/.m2/repository/org/springframework/spring-web/4.3.9.RELEASE/spring-web-4.3.9.RELEASE.jar]
02:20:18.382 [main] DEBUG org.springframework.core.io.support.PathMatchingResourcePatternResolver - Looking for matching resources in jar file [file:/C:/Users/ITitan/.m2/repository/org/springframework/spring-aop/4.3.9.RELEASE/spring-aop-4.3.9.RELEASE.jar]
02:20:18.383 [main] DEBUG org.springframework.core.io.support.PathMatchingResourcePatternResolver - Looking for matching resources in jar file [file:/C:/Users/ITitan/.m2/repository/org/springframework/security/spring-security-config/4.2.3.RELEASE/spring-security-config-4.2.3.RELEASE.jar]
02:20:18.385 [main] DEBUG org.springframework.core.io.support.PathMatchingResourcePatternResolver - Looking for matching resources in jar file [file:/C:/Users/ITitan/.m2/repository/org/springframework/security/spring-security-core/4.2.3.RELEASE/spring-security-core-4.2.3.RELEASE.jar]
02:20:18.398 [main] DEBUG org.springframework.core.io.support.PathMatchingResourcePatternResolver - Looking for matching resources in jar file [file:/C:/Users/ITitan/.m2/repository/org/springframework/security/spring-security-web/4.2.3.RELEASE/spring-security-web-4.2.3.RELEASE.jar]
02:20:18.401 [main] DEBUG org.springframework.core.io.support.PathMatchingResourcePatternResolver - Looking for matching resources in jar file [file:/C:/Users/ITitan/.m2/repository/org/apache/tomcat/embed/tomcat-embed-core/8.5.15/tomcat-embed-core-8.5.15.jar]
02:20:18.426 [main] DEBUG org.springframework.core.io.support.PathMatchingResourcePatternResolver - Looking for matching resources in jar file [file:/C:/Users/ITitan/.m2/repository/org/apache/tomcat/embed/tomcat-embed-el/8.5.15/tomcat-embed-el-8.5.15.jar]
02:20:18.441 [main] DEBUG org.springframework.core.io.support.PathMatchingResourcePatternResolver - Looking for matching resources in jar file [file:/C:/Users/ITitan/.m2/repository/org/apache/tomcat/embed/tomcat-embed-websocket/8.5.15/tomcat-embed-websocket-8.5.15.jar]
02:20:18.442 [main] DEBUG org.springframework.core.io.support.PathMatchingResourcePatternResolver - Looking for matching resources in jar file [file:/C:/Users/ITitan/.m2/repository/org/hibernate/hibernate-validator/5.3.5.Final/hibernate-validator-5.3.5.Final.jar]
02:20:18.459 [main] DEBUG org.springframework.core.io.support.PathMatchingResourcePatternResolver - Looking for matching resources in jar file [file:/C:/Users/ITitan/.m2/repository/org/jboss/logging/jboss-logging/3.3.1.Final/jboss-logging-3.3.1.Final.jar]
02:20:18.460 [main] DEBUG org.springframework.core.io.support.PathMatchingResourcePatternResolver - Looking for matching resources in jar file [file:/C:/Users/ITitan/.m2/repository/org/springframework/spring-webmvc/4.3.9.RELEASE/spring-webmvc-4.3.9.RELEASE.jar]
02:20:18.462 [main] DEBUG org.springframework.core.io.support.PathMatchingResourcePatternResolver - Looking for matching resources in jar file [file:/C:/Users/ITitan/.m2/repository/org/springframework/boot/spring-boot-test/1.5.4.RELEASE/spring-boot-test-1.5.4.RELEASE.jar]
02:20:18.463 [main] DEBUG org.springframework.core.io.support.PathMatchingResourcePatternResolver - Looking for matching resources in jar file [file:/C:/Users/ITitan/.m2/repository/org/springframework/boot/spring-boot-test-autoconfigure/1.5.4.RELEASE/spring-boot-test-autoconfigure-1.5.4.RELEASE.jar]
02:20:18.463 [main] DEBUG org.springframework.core.io.support.PathMatchingResourcePatternResolver - Looking for matching resources in jar file [file:/C:/Users/ITitan/.m2/repository/net/minidev/accessors-smart/1.1/accessors-smart-1.1.jar]
02:20:18.464 [main] DEBUG org.springframework.core.io.support.PathMatchingResourcePatternResolver - Looking for matching resources in jar file [file:/C:/Users/ITitan/.m2/repository/org/ow2/asm/asm/5.0.3/asm-5.0.3.jar]
02:20:18.465 [main] DEBUG org.springframework.core.io.support.PathMatchingResourcePatternResolver - Looking for matching resources in jar file [file:/C:/Users/ITitan/.m2/repository/org/slf4j/slf4j-api/1.7.25/slf4j-api-1.7.25.jar]
02:20:18.466 [main] DEBUG org.springframework.core.io.support.PathMatchingResourcePatternResolver - Looking for matching resources in jar file [file:/C:/Users/ITitan/.m2/repository/junit/junit/4.12/junit-4.12.jar]
02:20:18.467 [main] DEBUG org.springframework.core.io.support.PathMatchingResourcePatternResolver - Looking for matching resources in jar file [file:/C:/Users/ITitan/.m2/repository/org/assertj/assertj-core/2.6.0/assertj-core-2.6.0.jar]
02:20:18.475 [main] DEBUG org.springframework.core.io.support.PathMatchingResourcePatternResolver - Looking for matching resources in jar file [file:/C:/Users/ITitan/.m2/repository/org/mockito/mockito-core/1.10.19/mockito-core-1.10.19.jar]
02:20:18.480 [main] DEBUG org.springframework.core.io.support.PathMatchingResourcePatternResolver - Looking for matching resources in jar file [file:/C:/Users/ITitan/.m2/repository/org/objenesis/objenesis/2.1/objenesis-2.1.jar]
02:20:18.480 [main] DEBUG org.springframework.core.io.support.PathMatchingResourcePatternResolver - Looking for matching resources in jar file [file:/C:/Users/ITitan/.m2/repository/org/hamcrest/hamcrest-core/1.3/hamcrest-core-1.3.jar]
02:20:18.480 [main] DEBUG org.springframework.core.io.support.PathMatchingResourcePatternResolver - Looking for matching resources in jar file [file:/C:/Users/ITitan/.m2/repository/org/hamcrest/hamcrest-library/1.3/hamcrest-library-1.3.jar]
02:20:18.481 [main] DEBUG org.springframework.core.io.support.PathMatchingResourcePatternResolver - Looking for matching resources in jar file [file:/C:/Users/ITitan/.m2/repository/org/skyscreamer/jsonassert/1.4.0/jsonassert-1.4.0.jar]
02:20:18.481 [main] DEBUG org.springframework.core.io.support.PathMatchingResourcePatternResolver - Looking for matching resources in jar file [file:/C:/Users/ITitan/.m2/repository/com/vaadin/external/google/android-json/0.0.20131108.vaadin1/android-json-0.0.20131108.vaadin1.jar]
02:20:18.482 [main] DEBUG org.springframework.core.io.support.PathMatchingResourcePatternResolver - Looking for matching resources in jar file [file:/C:/Users/ITitan/.m2/repository/org/springframework/spring-test/4.3.9.RELEASE/spring-test-4.3.9.RELEASE.jar]
02:20:18.487 [main] DEBUG org.springframework.core.io.support.PathMatchingResourcePatternResolver - Looking for matching resources in jar file [file:/C:/Users/ITitan/.m2/repository/commons-dbcp/commons-dbcp/1.4/commons-dbcp-1.4.jar]
02:20:18.487 [main] DEBUG org.springframework.core.io.support.PathMatchingResourcePatternResolver - Looking for matching resources in jar file [file:/C:/Users/ITitan/.m2/repository/commons-pool/commons-pool/1.6/commons-pool-1.6.jar]
02:20:18.488 [main] DEBUG org.springframework.core.io.support.PathMatchingResourcePatternResolver - Looking for matching resources in jar file [file:/C:/Users/ITitan/.m2/repository/org/springframework/spring-jdbc/5.0.5.RELEASE/spring-jdbc-5.0.5.RELEASE.jar]
02:20:18.489 [main] DEBUG org.springframework.core.io.support.PathMatchingResourcePatternResolver - Looking for matching resources in jar file [file:/C:/Users/ITitan/.m2/repository/org/springframework/spring-beans/4.3.9.RELEASE/spring-beans-4.3.9.RELEASE.jar]
02:20:18.490 [main] DEBUG org.springframework.core.io.support.PathMatchingResourcePatternResolver - Looking for matching resources in jar file [file:/C:/Users/ITitan/.m2/repository/org/springframework/spring-tx/4.3.9.RELEASE/spring-tx-4.3.9.RELEASE.jar]
02:20:18.491 [main] DEBUG org.springframework.core.io.support.PathMatchingResourcePatternResolver - Looking for matching resources in jar file [file:/C:/Users/ITitan/.m2/repository/commons-io/commons-io/2.6/commons-io-2.6.jar]
02:20:18.492 [main] DEBUG org.springframework.core.io.support.PathMatchingResourcePatternResolver - Looking for matching resources in jar file [file:/C:/Users/ITitan/.m2/repository/org/apache/httpcomponents/httpclient/4.5.3/httpclient-4.5.3.jar]
02:20:18.493 [main] DEBUG org.springframework.core.io.support.PathMatchingResourcePatternResolver - Looking for matching resources in jar file [file:/C:/Users/ITitan/.m2/repository/org/apache/httpcomponents/httpcore/4.4.6/httpcore-4.4.6.jar]
02:20:18.495 [main] DEBUG org.springframework.core.io.support.PathMatchingResourcePatternResolver - Looking for matching resources in jar file [file:/C:/Users/ITitan/.m2/repository/commons-codec/commons-codec/1.10/commons-codec-1.10.jar]
02:20:18.496 [main] DEBUG org.springframework.core.io.support.PathMatchingResourcePatternResolver - Looking for matching resources in jar file [file:/C:/Users/ITitan/.m2/repository/org/json/json/20140107/json-20140107.jar]
02:20:18.496 [main] DEBUG org.springframework.core.io.support.PathMatchingResourcePatternResolver - Looking for matching resources in jar file [file:/C:/Users/ITitan/.m2/repository/org/apache/commons/commons-lang3/3.6/commons-lang3-3.6.jar]
02:20:18.499 [main] DEBUG org.springframework.core.io.support.PathMatchingResourcePatternResolver - Looking for matching resources in jar file [file:/C:/Users/ITitan/.m2/repository/org/apache/maven/surefire/surefire-junit4/2.18.1/surefire-junit4-2.18.1.jar]
02:20:18.499 [main] DEBUG org.springframework.core.io.support.PathMatchingResourcePatternResolver - Resolved location pattern [classpath*:org/*.class] to resources []
02:20:18.506 [main] DEBUG org.springframework.test.context.junit4.SpringJUnit4ClassRunner - SpringJUnit4ClassRunner constructor called with [class org.ititandev.DemoApplicationTests]
02:20:18.506 [main] DEBUG org.springframework.test.context.BootstrapUtils - Instantiating CacheAwareContextLoaderDelegate from class [org.springframework.test.context.cache.DefaultCacheAwareContextLoaderDelegate]
02:20:18.506 [main] DEBUG org.springframework.test.context.BootstrapUtils - Instantiating BootstrapContext using constructor [public org.springframework.test.context.support.DefaultBootstrapContext(java.lang.Class,org.springframework.test.context.CacheAwareContextLoaderDelegate)]
02:20:18.507 [main] DEBUG org.springframework.test.context.BootstrapUtils - Instantiating TestContextBootstrapper for test class [org.ititandev.DemoApplicationTests] from class [org.springframework.boot.test.context.SpringBootTestContextBootstrapper]
02:20:18.507 [main] INFO org.springframework.boot.test.context.SpringBootTestContextBootstrapper - Neither @ContextConfiguration nor @ContextHierarchy found for test class [org.ititandev.DemoApplicationTests], using SpringBootContextLoader
02:20:18.508 [main] DEBUG org.springframework.test.context.support.AbstractContextLoader - Did not detect default resource location for test class [org.ititandev.DemoApplicationTests]: class path resource [org/ititandev/DemoApplicationTests-context.xml] does not exist
02:20:18.509 [main] DEBUG org.springframework.test.context.support.AbstractContextLoader - Did not detect default resource location for test class [org.ititandev.DemoApplicationTests]: class path resource [org/ititandev/DemoApplicationTestsContext.groovy] does not exist
02:20:18.509 [main] INFO org.springframework.test.context.support.AbstractContextLoader - Could not detect default resource locations for test class [org.ititandev.DemoApplicationTests]: no resource found for suffixes {-context.xml, Context.groovy}.
02:20:18.510 [main] INFO org.springframework.test.context.support.AnnotationConfigContextLoaderUtils - Could not detect default configuration classes for test class [org.ititandev.DemoApplicationTests]: DemoApplicationTests does not declare any static, non-private, non-final, nested classes annotated with @Configuration.
02:20:18.514 [main] DEBUG org.springframework.test.context.support.ActiveProfilesUtils - Could not find an 'annotation declaring class' for annotation type [org.springframework.test.context.ActiveProfiles] and class [org.ititandev.DemoApplicationTests]
02:20:18.515 [main] DEBUG org.springframework.core.env.StandardEnvironment - Adding [systemProperties] PropertySource with lowest search precedence
02:20:18.515 [main] DEBUG org.springframework.core.env.StandardEnvironment - Adding [systemEnvironment] PropertySource with lowest search precedence
02:20:18.515 [main] DEBUG org.springframework.core.env.StandardEnvironment - Initialized StandardEnvironment with PropertySources [systemProperties,systemEnvironment]
02:20:18.516 [main] DEBUG org.springframework.core.io.support.PathMatchingResourcePatternResolver - Resolved classpath location [org/ititandev/] to resources [URL [file:/C:/Users/ITitan/eclipse-workspace/threadripper-chat-api/target/test-classes/org/ititandev/], URL [file:/C:/Users/ITitan/eclipse-workspace/threadripper-chat-api/target/classes/org/ititandev/]]
02:20:18.516 [main] DEBUG org.springframework.core.io.support.PathMatchingResourcePatternResolver - Looking for matching resources in directory tree [C:\Users\ITitan\eclipse-workspace\threadripper-chat-api\target\test-classes\org\ititandev]
02:20:18.516 [main] DEBUG org.springframework.core.io.support.PathMatchingResourcePatternResolver - Searching directory [C:\Users\ITitan\eclipse-workspace\threadripper-chat-api\target\test-classes\org\ititandev] for files matching pattern [C:/Users/ITitan/eclipse-workspace/threadripper-chat-api/target/test-classes/org/ititandev/*.class]
02:20:18.518 [main] DEBUG org.springframework.core.io.support.PathMatchingResourcePatternResolver - Looking for matching resources in directory tree [C:\Users\ITitan\eclipse-workspace\threadripper-chat-api\target\classes\org\ititandev]
02:20:18.518 [main] DEBUG org.springframework.core.io.support.PathMatchingResourcePatternResolver - Searching directory [C:\Users\ITitan\eclipse-workspace\threadripper-chat-api\target\classes\org\ititandev] for files matching pattern [C:/Users/ITitan/eclipse-workspace/threadripper-chat-api/target/classes/org/ititandev/*.class]
02:20:18.521 [main] DEBUG org.springframework.core.io.support.PathMatchingResourcePatternResolver - Resolved location pattern [classpath*:org/ititandev/*.class] to resources [file [C:\Users\ITitan\eclipse-workspace\threadripper-chat-api\target\test-classes\org\ititandev\DemoApplicationTests.class], file [C:\Users\ITitan\eclipse-workspace\threadripper-chat-api\target\classes\org\ititandev\Application.class]]
02:20:18.526 [main] DEBUG org.springframework.core.io.support.PathMatchingResourcePatternResolver - Resolved classpath location [org/] to resources [URL [jar:file:/C:/Users/ITitan/.m2/repository/org/apache/maven/surefire/surefire-booter/2.18.1/surefire-booter-2.18.1.jar!/org/], URL [jar:file:/C:/Users/ITitan/.m2/repository/org/apache/maven/surefire/surefire-api/2.18.1/surefire-api-2.18.1.jar!/org/], URL [file:/C:/Users/ITitan/eclipse-workspace/threadripper-chat-api/target/test-classes/org/], URL [file:/C:/Users/ITitan/eclipse-workspace/threadripper-chat-api/target/classes/org/], URL [jar:file:/C:/Users/ITitan/.m2/repository/org/springframework/boot/spring-boot/1.5.4.RELEASE/spring-boot-1.5.4.RELEASE.jar!/org/], URL [jar:file:/C:/Users/ITitan/.m2/repository/org/springframework/boot/spring-boot-autoconfigure/1.5.4.RELEASE/spring-boot-autoconfigure-1.5.4.RELEASE.jar!/org/], URL [jar:file:/C:/Users/ITitan/.m2/repository/ch/qos/logback/logback-classic/1.1.11/logback-classic-1.1.11.jar!/org/], URL [jar:file:/C:/Users/ITitan/.m2/repository/org/slf4j/jcl-over-slf4j/1.7.25/jcl-over-slf4j-1.7.25.jar!/org/], URL [jar:file:/C:/Users/ITitan/.m2/repository/org/slf4j/jul-to-slf4j/1.7.25/jul-to-slf4j-1.7.25.jar!/org/], URL [jar:file:/C:/Users/ITitan/.m2/repository/org/slf4j/log4j-over-slf4j/1.7.25/log4j-over-slf4j-1.7.25.jar!/org/], URL [jar:file:/C:/Users/ITitan/.m2/repository/org/yaml/snakeyaml/1.17/snakeyaml-1.17.jar!/org/], URL [jar:file:/C:/Users/ITitan/.m2/repository/org/springframework/spring-messaging/4.3.9.RELEASE/spring-messaging-4.3.9.RELEASE.jar!/org/], URL [jar:file:/C:/Users/ITitan/.m2/repository/org/springframework/amqp/spring-rabbit/1.7.3.RELEASE/spring-rabbit-1.7.3.RELEASE.jar!/org/], URL [jar:file:/C:/Users/ITitan/.m2/repository/org/springframework/retry/spring-retry/1.2.0.RELEASE/spring-retry-1.2.0.RELEASE.jar!/org/], URL [jar:file:/C:/Users/ITitan/.m2/repository/org/springframework/amqp/spring-amqp/1.7.3.RELEASE/spring-amqp-1.7.3.RELEASE.jar!/org/], URL [jar:file:/C:/Users/ITitan/.m2/repository/org/springframework/spring-websocket/4.3.9.RELEASE/spring-websocket-4.3.9.RELEASE.jar!/org/], URL [jar:file:/C:/Users/ITitan/.m2/repository/org/springframework/spring-context/4.3.9.RELEASE/spring-context-4.3.9.RELEASE.jar!/org/], URL [jar:file:/C:/Users/ITitan/.m2/repository/org/springframework/spring-expression/4.3.9.RELEASE/spring-expression-4.3.9.RELEASE.jar!/org/], URL [jar:file:/C:/Users/ITitan/.m2/repository/org/springframework/spring-core/4.3.9.RELEASE/spring-core-4.3.9.RELEASE.jar!/org/], URL [jar:file:/C:/Users/ITitan/.m2/repository/org/springframework/spring-web/4.3.9.RELEASE/spring-web-4.3.9.RELEASE.jar!/org/], URL [jar:file:/C:/Users/ITitan/.m2/repository/org/springframework/spring-aop/4.3.9.RELEASE/spring-aop-4.3.9.RELEASE.jar!/org/], URL [jar:file:/C:/Users/ITitan/.m2/repository/org/springframework/security/spring-security-config/4.2.3.RELEASE/spring-security-config-4.2.3.RELEASE.jar!/org/], URL [jar:file:/C:/Users/ITitan/.m2/repository/org/springframework/security/spring-security-core/4.2.3.RELEASE/spring-security-core-4.2.3.RELEASE.jar!/org/], URL [jar:file:/C:/Users/ITitan/.m2/repository/org/springframework/security/spring-security-web/4.2.3.RELEASE/spring-security-web-4.2.3.RELEASE.jar!/org/], URL [jar:file:/C:/Users/ITitan/.m2/repository/org/apache/tomcat/embed/tomcat-embed-core/8.5.15/tomcat-embed-core-8.5.15.jar!/org/], URL [jar:file:/C:/Users/ITitan/.m2/repository/org/apache/tomcat/embed/tomcat-embed-el/8.5.15/tomcat-embed-el-8.5.15.jar!/org/], URL [jar:file:/C:/Users/ITitan/.m2/repository/org/apache/tomcat/embed/tomcat-embed-websocket/8.5.15/tomcat-embed-websocket-8.5.15.jar!/org/], URL [jar:file:/C:/Users/ITitan/.m2/repository/org/hibernate/hibernate-validator/5.3.5.Final/hibernate-validator-5.3.5.Final.jar!/org/], URL [jar:file:/C:/Users/ITitan/.m2/repository/org/jboss/logging/jboss-logging/3.3.1.Final/jboss-logging-3.3.1.Final.jar!/org/], URL [jar:file:/C:/Users/ITitan/.m2/repository/org/springframework/spring-webmvc/4.3.9.RELEASE/spring-webmvc-4.3.9.RELEASE.jar!/org/], URL [jar:file:/C:/Users/ITitan/.m2/repository/org/springframework/boot/spring-boot-test/1.5.4.RELEASE/spring-boot-test-1.5.4.RELEASE.jar!/org/], URL [jar:file:/C:/Users/ITitan/.m2/repository/org/springframework/boot/spring-boot-test-autoconfigure/1.5.4.RELEASE/spring-boot-test-autoconfigure-1.5.4.RELEASE.jar!/org/], URL [jar:file:/C:/Users/ITitan/.m2/repository/net/minidev/accessors-smart/1.1/accessors-smart-1.1.jar!/org/], URL [jar:file:/C:/Users/ITitan/.m2/repository/org/ow2/asm/asm/5.0.3/asm-5.0.3.jar!/org/], URL [jar:file:/C:/Users/ITitan/.m2/repository/org/slf4j/slf4j-api/1.7.25/slf4j-api-1.7.25.jar!/org/], URL [jar:file:/C:/Users/ITitan/.m2/repository/junit/junit/4.12/junit-4.12.jar!/org/], URL [jar:file:/C:/Users/ITitan/.m2/repository/org/assertj/assertj-core/2.6.0/assertj-core-2.6.0.jar!/org/], URL [jar:file:/C:/Users/ITitan/.m2/repository/org/mockito/mockito-core/1.10.19/mockito-core-1.10.19.jar!/org/], URL [jar:file:/C:/Users/ITitan/.m2/repository/org/objenesis/objenesis/2.1/objenesis-2.1.jar!/org/], URL [jar:file:/C:/Users/ITitan/.m2/repository/org/hamcrest/hamcrest-core/1.3/hamcrest-core-1.3.jar!/org/], URL [jar:file:/C:/Users/ITitan/.m2/repository/org/hamcrest/hamcrest-library/1.3/hamcrest-library-1.3.jar!/org/], URL [jar:file:/C:/Users/ITitan/.m2/repository/org/skyscreamer/jsonassert/1.4.0/jsonassert-1.4.0.jar!/org/], URL [jar:file:/C:/Users/ITitan/.m2/repository/com/vaadin/external/google/android-json/0.0.20131108.vaadin1/android-json-0.0.20131108.vaadin1.jar!/org/], URL [jar:file:/C:/Users/ITitan/.m2/repository/org/springframework/spring-test/4.3.9.RELEASE/spring-test-4.3.9.RELEASE.jar!/org/], URL [jar:file:/C:/Users/ITitan/.m2/repository/commons-dbcp/commons-dbcp/1.4/commons-dbcp-1.4.jar!/org/], URL [jar:file:/C:/Users/ITitan/.m2/repository/commons-pool/commons-pool/1.6/commons-pool-1.6.jar!/org/], URL [jar:file:/C:/Users/ITitan/.m2/repository/org/springframework/spring-jdbc/5.0.5.RELEASE/spring-jdbc-5.0.5.RELEASE.jar!/org/], URL [jar:file:/C:/Users/ITitan/.m2/repository/org/springframework/spring-beans/4.3.9.RELEASE/spring-beans-4.3.9.RELEASE.jar!/org/], URL [jar:file:/C:/Users/ITitan/.m2/repository/org/springframework/spring-tx/4.3.9.RELEASE/spring-tx-4.3.9.RELEASE.jar!/org/], URL [jar:file:/C:/Users/ITitan/.m2/repository/commons-io/commons-io/2.6/commons-io-2.6.jar!/org/], URL [jar:file:/C:/Users/ITitan/.m2/repository/org/apache/httpcomponents/httpclient/4.5.3/httpclient-4.5.3.jar!/org/], URL [jar:file:/C:/Users/ITitan/.m2/repository/org/apache/httpcomponents/httpcore/4.4.6/httpcore-4.4.6.jar!/org/], URL [jar:file:/C:/Users/ITitan/.m2/repository/commons-codec/commons-codec/1.10/commons-codec-1.10.jar!/org/], URL [jar:file:/C:/Users/ITitan/.m2/repository/org/json/json/20140107/json-20140107.jar!/org/], URL [jar:file:/C:/Users/ITitan/.m2/repository/org/apache/commons/commons-lang3/3.6/commons-lang3-3.6.jar!/org/], URL [jar:file:/C:/Users/ITitan/.m2/repository/org/apache/maven/surefire/surefire-junit4/2.18.1/surefire-junit4-2.18.1.jar!/org/]]
02:20:18.528 [main] DEBUG org.springframework.core.io.support.PathMatchingResourcePatternResolver - Looking for matching resources in jar file [file:/C:/Users/ITitan/.m2/repository/org/apache/maven/surefire/surefire-booter/2.18.1/surefire-booter-2.18.1.jar]
02:20:18.529 [main] DEBUG org.springframework.core.io.support.PathMatchingResourcePatternResolver - Looking for matching resources in jar file [file:/C:/Users/ITitan/.m2/repository/org/apache/maven/surefire/surefire-api/2.18.1/surefire-api-2.18.1.jar]
02:20:18.539 [main] DEBUG org.springframework.core.io.support.PathMatchingResourcePatternResolver - Looking for matching resources in directory tree [C:\Users\ITitan\eclipse-workspace\threadripper-chat-api\target\test-classes\org]
02:20:18.539 [main] DEBUG org.springframework.core.io.support.PathMatchingResourcePatternResolver - Searching directory [C:\Users\ITitan\eclipse-workspace\threadripper-chat-api\target\test-classes\org] for files matching pattern [C:/Users/ITitan/eclipse-workspace/threadripper-chat-api/target/test-classes/org/*.class]
02:20:18.540 [main] DEBUG org.springframework.core.io.support.PathMatchingResourcePatternResolver - Looking for matching resources in directory tree [C:\Users\ITitan\eclipse-workspace\threadripper-chat-api\target\classes\org]
02:20:18.540 [main] DEBUG org.springframework.core.io.support.PathMatchingResourcePatternResolver - Searching directory [C:\Users\ITitan\eclipse-workspace\threadripper-chat-api\target\classes\org] for files matching pattern [C:/Users/ITitan/eclipse-workspace/threadripper-chat-api/target/classes/org/*.class]
02:20:18.540 [main] DEBUG org.springframework.core.io.support.PathMatchingResourcePatternResolver - Looking for matching resources in jar file [file:/C:/Users/ITitan/.m2/repository/org/springframework/boot/spring-boot/1.5.4.RELEASE/spring-boot-1.5.4.RELEASE.jar]
02:20:18.542 [main] DEBUG org.springframework.core.io.support.PathMatchingResourcePatternResolver - Looking for matching resources in jar file [file:/C:/Users/ITitan/.m2/repository/org/springframework/boot/spring-boot-autoconfigure/1.5.4.RELEASE/spring-boot-autoconfigure-1.5.4.RELEASE.jar]
02:20:18.547 [main] DEBUG org.springframework.core.io.support.PathMatchingResourcePatternResolver - Looking for matching resources in jar file [file:/C:/Users/ITitan/.m2/repository/ch/qos/logback/logback-classic/1.1.11/logback-classic-1.1.11.jar]
02:20:18.547 [main] DEBUG org.springframework.core.io.support.PathMatchingResourcePatternResolver - Looking for matching resources in jar file [file:/C:/Users/ITitan/.m2/repository/org/slf4j/jcl-over-slf4j/1.7.25/jcl-over-slf4j-1.7.25.jar]
02:20:18.548 [main] DEBUG org.springframework.core.io.support.PathMatchingResourcePatternResolver - Looking for matching resources in jar file [file:/C:/Users/ITitan/.m2/repository/org/slf4j/jul-to-slf4j/1.7.25/jul-to-slf4j-1.7.25.jar]
02:20:18.548 [main] DEBUG org.springframework.core.io.support.PathMatchingResourcePatternResolver - Looking for matching resources in jar file [file:/C:/Users/ITitan/.m2/repository/org/slf4j/log4j-over-slf4j/1.7.25/log4j-over-slf4j-1.7.25.jar]
02:20:18.548 [main] DEBUG org.springframework.core.io.support.PathMatchingResourcePatternResolver - Looking for matching resources in jar file [file:/C:/Users/ITitan/.m2/repository/org/yaml/snakeyaml/1.17/snakeyaml-1.17.jar]
02:20:18.549 [main] DEBUG org.springframework.core.io.support.PathMatchingResourcePatternResolver - Looking for matching resources in jar file [file:/C:/Users/ITitan/.m2/repository/org/springframework/spring-messaging/4.3.9.RELEASE/spring-messaging-4.3.9.RELEASE.jar]
02:20:18.550 [main] DEBUG org.springframework.core.io.support.PathMatchingResourcePatternResolver - Looking for matching resources in jar file [file:/C:/Users/ITitan/.m2/repository/org/springframework/amqp/spring-rabbit/1.7.3.RELEASE/spring-rabbit-1.7.3.RELEASE.jar]
02:20:18.551 [main] DEBUG org.springframework.core.io.support.PathMatchingResourcePatternResolver - Looking for matching resources in jar file [file:/C:/Users/ITitan/.m2/repository/org/springframework/retry/spring-retry/1.2.0.RELEASE/spring-retry-1.2.0.RELEASE.jar]
02:20:18.573 [main] DEBUG org.springframework.core.io.support.PathMatchingResourcePatternResolver - Looking for matching resources in jar file [file:/C:/Users/ITitan/.m2/repository/org/springframework/amqp/spring-amqp/1.7.3.RELEASE/spring-amqp-1.7.3.RELEASE.jar]
02:20:18.578 [main] DEBUG org.springframework.core.io.support.PathMatchingResourcePatternResolver - Looking for matching resources in jar file [file:/C:/Users/ITitan/.m2/repository/org/springframework/spring-websocket/4.3.9.RELEASE/spring-websocket-4.3.9.RELEASE.jar]
02:20:18.580 [main] DEBUG org.springframework.core.io.support.PathMatchingResourcePatternResolver - Looking for matching resources in jar file [file:/C:/Users/ITitan/.m2/repository/org/springframework/spring-context/4.3.9.RELEASE/spring-context-4.3.9.RELEASE.jar]
02:20:18.586 [main] DEBUG org.springframework.core.io.support.PathMatchingResourcePatternResolver - Looking for matching resources in jar file [file:/C:/Users/ITitan/.m2/repository/org/springframework/spring-expression/4.3.9.RELEASE/spring-expression-4.3.9.RELEASE.jar]
02:20:18.587 [main] DEBUG org.springframework.core.io.support.PathMatchingResourcePatternResolver - Looking for matching resources in jar file [file:/C:/Users/ITitan/.m2/repository/org/springframework/spring-core/4.3.9.RELEASE/spring-core-4.3.9.RELEASE.jar]
02:20:18.590 [main] DEBUG org.springframework.core.io.support.PathMatchingResourcePatternResolver - Looking for matching resources in jar file [file:/C:/Users/ITitan/.m2/repository/org/springframework/spring-web/4.3.9.RELEASE/spring-web-4.3.9.RELEASE.jar]
02:20:18.598 [main] DEBUG org.springframework.core.io.support.PathMatchingResourcePatternResolver - Looking for matching resources in jar file [file:/C:/Users/ITitan/.m2/repository/org/springframework/spring-aop/4.3.9.RELEASE/spring-aop-4.3.9.RELEASE.jar]
02:20:18.603 [main] DEBUG org.springframework.core.io.support.PathMatchingResourcePatternResolver - Looking for matching resources in jar file [file:/C:/Users/ITitan/.m2/repository/org/springframework/security/spring-security-config/4.2.3.RELEASE/spring-security-config-4.2.3.RELEASE.jar]
02:20:18.610 [main] DEBUG org.springframework.core.io.support.PathMatchingResourcePatternResolver - Looking for matching resources in jar file [file:/C:/Users/ITitan/.m2/repository/org/springframework/security/spring-security-core/4.2.3.RELEASE/spring-security-core-4.2.3.RELEASE.jar]
02:20:18.612 [main] DEBUG org.springframework.core.io.support.PathMatchingResourcePatternResolver - Looking for matching resources in jar file [file:/C:/Users/ITitan/.m2/repository/org/springframework/security/spring-security-web/4.2.3.RELEASE/spring-security-web-4.2.3.RELEASE.jar]
02:20:18.615 [main] DEBUG org.springframework.core.io.support.PathMatchingResourcePatternResolver - Looking for matching resources in jar file [file:/C:/Users/ITitan/.m2/repository/org/apache/tomcat/embed/tomcat-embed-core/8.5.15/tomcat-embed-core-8.5.15.jar]
02:20:18.621 [main] DEBUG org.springframework.core.io.support.PathMatchingResourcePatternResolver - Looking for matching resources in jar file [file:/C:/Users/ITitan/.m2/repository/org/apache/tomcat/embed/tomcat-embed-el/8.5.15/tomcat-embed-el-8.5.15.jar]
02:20:18.622 [main] DEBUG org.springframework.core.io.support.PathMatchingResourcePatternResolver - Looking for matching resources in jar file [file:/C:/Users/ITitan/.m2/repository/org/apache/tomcat/embed/tomcat-embed-websocket/8.5.15/tomcat-embed-websocket-8.5.15.jar]
02:20:18.624 [main] DEBUG org.springframework.core.io.support.PathMatchingResourcePatternResolver - Looking for matching resources in jar file [file:/C:/Users/ITitan/.m2/repository/org/hibernate/hibernate-validator/5.3.5.Final/hibernate-validator-5.3.5.Final.jar]
02:20:18.626 [main] DEBUG org.springframework.core.io.support.PathMatchingResourcePatternResolver - Looking for matching resources in jar file [file:/C:/Users/ITitan/.m2/repository/org/jboss/logging/jboss-logging/3.3.1.Final/jboss-logging-3.3.1.Final.jar]
02:20:18.626 [main] DEBUG org.springframework.core.io.support.PathMatchingResourcePatternResolver - Looking for matching resources in jar file [file:/C:/Users/ITitan/.m2/repository/org/springframework/spring-webmvc/4.3.9.RELEASE/spring-webmvc-4.3.9.RELEASE.jar]
02:20:18.643 [main] DEBUG org.springframework.core.io.support.PathMatchingResourcePatternResolver - Looking for matching resources in jar file [file:/C:/Users/ITitan/.m2/repository/org/springframework/boot/spring-boot-test/1.5.4.RELEASE/spring-boot-test-1.5.4.RELEASE.jar]
02:20:18.644 [main] DEBUG org.springframework.core.io.support.PathMatchingResourcePatternResolver - Looking for matching resources in jar file [file:/C:/Users/ITitan/.m2/repository/org/springframework/boot/spring-boot-test-autoconfigure/1.5.4.RELEASE/spring-boot-test-autoconfigure-1.5.4.RELEASE.jar]
02:20:18.645 [main] DEBUG org.springframework.core.io.support.PathMatchingResourcePatternResolver - Looking for matching resources in jar file [file:/C:/Users/ITitan/.m2/repository/net/minidev/accessors-smart/1.1/accessors-smart-1.1.jar]
02:20:18.645 [main] DEBUG org.springframework.core.io.support.PathMatchingResourcePatternResolver - Looking for matching resources in jar file [file:/C:/Users/ITitan/.m2/repository/org/ow2/asm/asm/5.0.3/asm-5.0.3.jar]
02:20:18.646 [main] DEBUG org.springframework.core.io.support.PathMatchingResourcePatternResolver - Looking for matching resources in jar file [file:/C:/Users/ITitan/.m2/repository/org/slf4j/slf4j-api/1.7.25/slf4j-api-1.7.25.jar]
02:20:18.646 [main] DEBUG org.springframework.core.io.support.PathMatchingResourcePatternResolver - Looking for matching resources in jar file [file:/C:/Users/ITitan/.m2/repository/junit/junit/4.12/junit-4.12.jar]
02:20:18.647 [main] DEBUG org.springframework.core.io.support.PathMatchingResourcePatternResolver - Looking for matching resources in jar file [file:/C:/Users/ITitan/.m2/repository/org/assertj/assertj-core/2.6.0/assertj-core-2.6.0.jar]
02:20:18.648 [main] DEBUG org.springframework.core.io.support.PathMatchingResourcePatternResolver - Looking for matching resources in jar file [file:/C:/Users/ITitan/.m2/repository/org/mockito/mockito-core/1.10.19/mockito-core-1.10.19.jar]
02:20:18.661 [main] DEBUG org.springframework.core.io.support.PathMatchingResourcePatternResolver - Looking for matching resources in jar file [file:/C:/Users/ITitan/.m2/repository/org/objenesis/objenesis/2.1/objenesis-2.1.jar]
02:20:18.661 [main] DEBUG org.springframework.core.io.support.PathMatchingResourcePatternResolver - Looking for matching resources in jar file [file:/C:/Users/ITitan/.m2/repository/org/hamcrest/hamcrest-core/1.3/hamcrest-core-1.3.jar]
02:20:18.661 [main] DEBUG org.springframework.core.io.support.PathMatchingResourcePatternResolver - Looking for matching resources in jar file [file:/C:/Users/ITitan/.m2/repository/org/hamcrest/hamcrest-library/1.3/hamcrest-library-1.3.jar]
02:20:18.662 [main] DEBUG org.springframework.core.io.support.PathMatchingResourcePatternResolver - Looking for matching resources in jar file [file:/C:/Users/ITitan/.m2/repository/org/skyscreamer/jsonassert/1.4.0/jsonassert-1.4.0.jar]
02:20:18.662 [main] DEBUG org.springframework.core.io.support.PathMatchingResourcePatternResolver - Looking for matching resources in jar file [file:/C:/Users/ITitan/.m2/repository/com/vaadin/external/google/android-json/0.0.20131108.vaadin1/android-json-0.0.20131108.vaadin1.jar]
02:20:18.662 [main] DEBUG org.springframework.core.io.support.PathMatchingResourcePatternResolver - Looking for matching resources in jar file [file:/C:/Users/ITitan/.m2/repository/org/springframework/spring-test/4.3.9.RELEASE/spring-test-4.3.9.RELEASE.jar]
02:20:18.664 [main] DEBUG org.springframework.core.io.support.PathMatchingResourcePatternResolver - Looking for matching resources in jar file [file:/C:/Users/ITitan/.m2/repository/commons-dbcp/commons-dbcp/1.4/commons-dbcp-1.4.jar]
02:20:18.665 [main] DEBUG org.springframework.core.io.support.PathMatchingResourcePatternResolver - Looking for matching resources in jar file [file:/C:/Users/ITitan/.m2/repository/commons-pool/commons-pool/1.6/commons-pool-1.6.jar]
02:20:18.666 [main] DEBUG org.springframework.core.io.support.PathMatchingResourcePatternResolver - Looking for matching resources in jar file [file:/C:/Users/ITitan/.m2/repository/org/springframework/spring-jdbc/5.0.5.RELEASE/spring-jdbc-5.0.5.RELEASE.jar]
02:20:18.668 [main] DEBUG org.springframework.core.io.support.PathMatchingResourcePatternResolver - Looking for matching resources in jar file [file:/C:/Users/ITitan/.m2/repository/org/springframework/spring-beans/4.3.9.RELEASE/spring-beans-4.3.9.RELEASE.jar]
02:20:18.673 [main] DEBUG org.springframework.core.io.support.PathMatchingResourcePatternResolver - Looking for matching resources in jar file [file:/C:/Users/ITitan/.m2/repository/org/springframework/spring-tx/4.3.9.RELEASE/spring-tx-4.3.9.RELEASE.jar]
02:20:18.678 [main] DEBUG org.springframework.core.io.support.PathMatchingResourcePatternResolver - Looking for matching resources in jar file [file:/C:/Users/ITitan/.m2/repository/commons-io/commons-io/2.6/commons-io-2.6.jar]
02:20:18.678 [main] DEBUG org.springframework.core.io.support.PathMatchingResourcePatternResolver - Looking for matching resources in jar file [file:/C:/Users/ITitan/.m2/repository/org/apache/httpcomponents/httpclient/4.5.3/httpclient-4.5.3.jar]
02:20:18.683 [main] DEBUG org.springframework.core.io.support.PathMatchingResourcePatternResolver - Looking for matching resources in jar file [file:/C:/Users/ITitan/.m2/repository/org/apache/httpcomponents/httpcore/4.4.6/httpcore-4.4.6.jar]
02:20:18.686 [main] DEBUG org.springframework.core.io.support.PathMatchingResourcePatternResolver - Looking for matching resources in jar file [file:/C:/Users/ITitan/.m2/repository/commons-codec/commons-codec/1.10/commons-codec-1.10.jar]
02:20:18.686 [main] DEBUG org.springframework.core.io.support.PathMatchingResourcePatternResolver - Looking for matching resources in jar file [file:/C:/Users/ITitan/.m2/repository/org/json/json/20140107/json-20140107.jar]
02:20:18.687 [main] DEBUG org.springframework.core.io.support.PathMatchingResourcePatternResolver - Looking for matching resources in jar file [file:/C:/Users/ITitan/.m2/repository/org/apache/commons/commons-lang3/3.6/commons-lang3-3.6.jar]
02:20:18.688 [main] DEBUG org.springframework.core.io.support.PathMatchingResourcePatternResolver - Looking for matching resources in jar file [file:/C:/Users/ITitan/.m2/repository/org/apache/maven/surefire/surefire-junit4/2.18.1/surefire-junit4-2.18.1.jar]
02:20:18.688 [main] DEBUG org.springframework.core.io.support.PathMatchingResourcePatternResolver - Resolved location pattern [classpath*:org/*.class] to resources []
]]></system-out>
  </testcase>
</testsuite>